----------

Thu Oct 28 2021 03:02:11 GMT+0200 (Central European Summer Time)

Script /home/etienne/Applications/GithubPage/export.sh couldn't be run

----------

Thu Oct 28 2021 03:03:34 GMT+0200 (Central European Summer Time)

Warning: Permanently added the RSA host key for IP address '140.82.113.3' to the list of known hosts.


----------

Thu Oct 28 2021 03:03:36 GMT+0200 (Central European Summer Time)

To github.com:EtienneBrJ/etiennebrj.github.io.git
   c5f61b8..45adb53  main -> main


----------

Thu Oct 28 2021 03:28:55 GMT+0200 (Central European Summer Time)

To github.com:EtienneBrJ/etiennebrj.github.io.git
   45adb53..3b543c1  main -> main


----------

Sat Oct 30 2021 17:04:57 GMT+0200 (Central European Summer Time)

Warning: Permanently added the RSA host key for IP address '140.82.121.4' to the list of known hosts.


----------

Sat Oct 30 2021 17:04:58 GMT+0200 (Central European Summer Time)

To github.com:EtienneBrJ/etiennebrj.github.io.git
   3b543c1..4ab02b6  main -> main


